<?xml version="1.0" encoding="UTF-8"?>
<testsuite name="spring_security.security_practice1.SecurityPractice1ApplicationTests" tests="1" skipped="0" failures="0" errors="0" timestamp="2024-08-06T08:23:13" hostname="namjonghyeog-ui-MacBookPro.local" time="0.298">
  <properties/>
  <testcase name="contextLoads()" classname="spring_security.security_practice1.SecurityPractice1ApplicationTests" time="0.298"/>
  <system-out><![CDATA[17:23:10.244 [Test worker] INFO org.springframework.test.context.support.AnnotationConfigContextLoaderUtils -- Could not detect default configuration classes for test class [spring_security.security_practice1.SecurityPractice1ApplicationTests]: SecurityPractice1ApplicationTests does not declare any static, non-private, non-final, nested classes annotated with @Configuration.
17:23:10.296 [Test worker] INFO org.springframework.boot.test.context.SpringBootTestContextBootstrapper -- Found @SpringBootConfiguration spring_security.security_practice1.SecurityPractice1Application for test class spring_security.security_practice1.SecurityPractice1ApplicationTests

  .   ____          _            __ _ _
 /\\ / ___'_ __ _ _(_)_ __  __ _ \ \ \ \
( ( )\___ | '_ | '_| | '_ \/ _` | \ \ \ \
 \\/  ___)| |_)| | | | | || (_| |  ) ) ) )
  '  |____| .__|_| |_|_| |_\__, | / / / /
 =========|_|==============|___/=/_/_/_/

 :: Spring Boot ::                (v3.3.1)

2024-08-06T17:23:10.509+09:00  INFO 94657 --- [security_practice1] [    Test worker] s.s.SecurityPractice1ApplicationTests    : Starting SecurityPractice1ApplicationTests using Java 17.0.10 with PID 94657 (started by namjjong99 in /Users/namjjong99/Desktop/WEB_Backend/security_practice1)
2024-08-06T17:23:10.510+09:00  INFO 94657 --- [security_practice1] [    Test worker] s.s.SecurityPractice1ApplicationTests    : No active profile set, falling back to 1 default profile: "default"
2024-08-06T17:23:11.071+09:00  INFO 94657 --- [security_practice1] [    Test worker] .s.d.r.c.RepositoryConfigurationDelegate : Multiple Spring Data modules found, entering strict repository configuration mode
2024-08-06T17:23:11.074+09:00  INFO 94657 --- [security_practice1] [    Test worker] .s.d.r.c.RepositoryConfigurationDelegate : Bootstrapping Spring Data JDBC repositories in DEFAULT mode.
2024-08-06T17:23:11.092+09:00  INFO 94657 --- [security_practice1] [    Test worker] .RepositoryConfigurationExtensionSupport : Spring Data JDBC - Could not safely identify store assignment for repository candidate interface spring_security.security_practice1.repository.MemberRepository; If you want this repository to be a JDBC repository, consider annotating your entities with one of these annotations: org.springframework.data.relational.core.mapping.Table.
2024-08-06T17:23:11.092+09:00  INFO 94657 --- [security_practice1] [    Test worker] .s.d.r.c.RepositoryConfigurationDelegate : Finished Spring Data repository scanning in 16 ms. Found 0 JDBC repository interfaces.
2024-08-06T17:23:11.100+09:00  INFO 94657 --- [security_practice1] [    Test worker] .s.d.r.c.RepositoryConfigurationDelegate : Multiple Spring Data modules found, entering strict repository configuration mode
2024-08-06T17:23:11.100+09:00  INFO 94657 --- [security_practice1] [    Test worker] .s.d.r.c.RepositoryConfigurationDelegate : Bootstrapping Spring Data JPA repositories in DEFAULT mode.
2024-08-06T17:23:11.116+09:00  INFO 94657 --- [security_practice1] [    Test worker] .s.d.r.c.RepositoryConfigurationDelegate : Finished Spring Data repository scanning in 13 ms. Found 1 JPA repository interface.
2024-08-06T17:23:11.395+09:00  INFO 94657 --- [security_practice1] [    Test worker] o.hibernate.jpa.internal.util.LogHelper  : HHH000204: Processing PersistenceUnitInfo [name: default]
2024-08-06T17:23:11.425+09:00  INFO 94657 --- [security_practice1] [    Test worker] org.hibernate.Version                    : HHH000412: Hibernate ORM core version 6.5.2.Final
2024-08-06T17:23:11.442+09:00  INFO 94657 --- [security_practice1] [    Test worker] o.h.c.internal.RegionFactoryInitiator    : HHH000026: Second-level cache disabled
2024-08-06T17:23:11.612+09:00  INFO 94657 --- [security_practice1] [    Test worker] o.s.o.j.p.SpringPersistenceUnitInfo      : No LoadTimeWeaver setup: ignoring JPA class transformer
2024-08-06T17:23:11.626+09:00  INFO 94657 --- [security_practice1] [    Test worker] com.zaxxer.hikari.HikariDataSource       : HikariPool-1 - Starting...
2024-08-06T17:23:11.816+09:00  INFO 94657 --- [security_practice1] [    Test worker] com.zaxxer.hikari.pool.HikariPool        : HikariPool-1 - Added connection com.mysql.cj.jdbc.ConnectionImpl@578d472a
2024-08-06T17:23:11.817+09:00  INFO 94657 --- [security_practice1] [    Test worker] com.zaxxer.hikari.HikariDataSource       : HikariPool-1 - Start completed.
2024-08-06T17:23:11.863+09:00  WARN 94657 --- [security_practice1] [    Test worker] org.hibernate.orm.deprecation            : HHH90000025: MySQLDialect does not need to be specified explicitly using 'hibernate.dialect' (remove the property setting and it will be selected by default)
2024-08-06T17:23:12.397+09:00  INFO 94657 --- [security_practice1] [    Test worker] o.h.e.t.j.p.i.JtaPlatformInitiator       : HHH000489: No JTA platform available (set 'hibernate.transaction.jta.platform' to enable JTA platform integration)
Hibernate: 
    alter table member_roles 
       drop 
       foreign key FKruptm2dtwl95mfks4bnhv828k
Hibernate: 
    drop table if exists member
Hibernate: 
    drop table if exists member_roles
Hibernate: 
    drop table if exists member_seq
Hibernate: 
    create table member (
        member_id bigint not null,
        nationality varchar(255),
        nickname varchar(255),
        password varchar(255) not null,
        school_code varchar(255),
        username varchar(255) not null,
        primary key (member_id)
    ) engine=InnoDB
Hibernate: 
    create table member_roles (
        member_member_id bigint not null,
        roles varchar(255)
    ) engine=InnoDB
Hibernate: 
    create table member_seq (
        next_val bigint
    ) engine=InnoDB
Hibernate: 
    insert into member_seq values ( 1 )
Hibernate: 
    alter table member_roles 
       add constraint FKruptm2dtwl95mfks4bnhv828k 
       foreign key (member_member_id) 
       references member (member_id)
2024-08-06T17:23:12.505+09:00  INFO 94657 --- [security_practice1] [    Test worker] j.LocalContainerEntityManagerFactoryBean : Initialized JPA EntityManagerFactory for persistence unit 'default'
2024-08-06T17:23:12.775+09:00  WARN 94657 --- [security_practice1] [    Test worker] JpaBaseConfiguration$JpaWebConfiguration : spring.jpa.open-in-view is enabled by default. Therefore, database queries may be performed during view rendering. Explicitly configure spring.jpa.open-in-view to disable this warning
2024-08-06T17:23:12.789+09:00  INFO 94657 --- [security_practice1] [    Test worker] r$InitializeUserDetailsManagerConfigurer : Global AuthenticationManager configured with UserDetailsService bean with name customUserDetailsService
2024-08-06T17:23:13.279+09:00  INFO 94657 --- [security_practice1] [    Test worker] s.s.SecurityPractice1ApplicationTests    : Started SecurityPractice1ApplicationTests in 2.898 seconds (process running for 3.561)
]]></system-out>
  <system-err><![CDATA[]]></system-err>
</testsuite>
