<?xml version="1.0" encoding="UTF-8"?>
<testsuite name="spring_security.security_practice1.controller.MemberControllerTest" tests="1" skipped="0" failures="0" errors="0" timestamp="2024-08-06T08:23:14" hostname="namjonghyeog-ui-MacBookPro.local" time="0.821">
  <properties/>
  <testcase name="signUpAndSignIn()" classname="spring_security.security_practice1.controller.MemberControllerTest" time="0.821"/>
  <system-out><![CDATA[2024-08-06T17:23:13.590+09:00  INFO 94657 --- [security_practice1] [    Test worker] t.c.s.AnnotationConfigContextLoaderUtils : Could not detect default configuration classes for test class [spring_security.security_practice1.controller.MemberControllerTest]: MemberControllerTest does not declare any static, non-private, non-final, nested classes annotated with @Configuration.
2024-08-06T17:23:13.598+09:00  INFO 94657 --- [security_practice1] [    Test worker] .b.t.c.SpringBootTestContextBootstrapper : Found @SpringBootConfiguration spring_security.security_practice1.SecurityPractice1Application for test class spring_security.security_practice1.controller.MemberControllerTest

  .   ____          _            __ _ _
 /\\ / ___'_ __ _ _(_)_ __  __ _ \ \ \ \
( ( )\___ | '_ | '_| | '_ \/ _` | \ \ \ \
 \\/  ___)| |_)| | | | | || (_| |  ) ) ) )
  '  |____| .__|_| |_|_| |_\__, | / / / /
 =========|_|==============|___/=/_/_/_/

 :: Spring Boot ::                (v3.3.1)

2024-08-06T17:23:13.611+09:00  INFO 94657 --- [security_practice1] [    Test worker] s.s.controller.MemberControllerTest      : Starting MemberControllerTest using Java 17.0.10 with PID 94657 (started by namjjong99 in /Users/namjjong99/Desktop/WEB_Backend/security_practice1)
2024-08-06T17:23:13.612+09:00  INFO 94657 --- [security_practice1] [    Test worker] s.s.controller.MemberControllerTest      : No active profile set, falling back to 1 default profile: "default"
2024-08-06T17:23:13.733+09:00  INFO 94657 --- [security_practice1] [    Test worker] .s.d.r.c.RepositoryConfigurationDelegate : Multiple Spring Data modules found, entering strict repository configuration mode
2024-08-06T17:23:13.733+09:00  INFO 94657 --- [security_practice1] [    Test worker] .s.d.r.c.RepositoryConfigurationDelegate : Bootstrapping Spring Data JDBC repositories in DEFAULT mode.
2024-08-06T17:23:13.736+09:00  INFO 94657 --- [security_practice1] [    Test worker] .RepositoryConfigurationExtensionSupport : Spring Data JDBC - Could not safely identify store assignment for repository candidate interface spring_security.security_practice1.repository.MemberRepository; If you want this repository to be a JDBC repository, consider annotating your entities with one of these annotations: org.springframework.data.relational.core.mapping.Table.
2024-08-06T17:23:13.736+09:00  INFO 94657 --- [security_practice1] [    Test worker] .s.d.r.c.RepositoryConfigurationDelegate : Finished Spring Data repository scanning in 3 ms. Found 0 JDBC repository interfaces.
2024-08-06T17:23:13.738+09:00  INFO 94657 --- [security_practice1] [    Test worker] .s.d.r.c.RepositoryConfigurationDelegate : Multiple Spring Data modules found, entering strict repository configuration mode
2024-08-06T17:23:13.738+09:00  INFO 94657 --- [security_practice1] [    Test worker] .s.d.r.c.RepositoryConfigurationDelegate : Bootstrapping Spring Data JPA repositories in DEFAULT mode.
2024-08-06T17:23:13.741+09:00  INFO 94657 --- [security_practice1] [    Test worker] .s.d.r.c.RepositoryConfigurationDelegate : Finished Spring Data repository scanning in 3 ms. Found 1 JPA repository interface.
2024-08-06T17:23:13.792+09:00  INFO 94657 --- [security_practice1] [    Test worker] o.hibernate.jpa.internal.util.LogHelper  : HHH000204: Processing PersistenceUnitInfo [name: default]
2024-08-06T17:23:13.793+09:00  INFO 94657 --- [security_practice1] [    Test worker] o.h.c.internal.RegionFactoryInitiator    : HHH000026: Second-level cache disabled
2024-08-06T17:23:13.799+09:00  INFO 94657 --- [security_practice1] [    Test worker] o.s.o.j.p.SpringPersistenceUnitInfo      : No LoadTimeWeaver setup: ignoring JPA class transformer
2024-08-06T17:23:13.800+09:00  INFO 94657 --- [security_practice1] [    Test worker] com.zaxxer.hikari.HikariDataSource       : HikariPool-2 - Starting...
2024-08-06T17:23:13.831+09:00  INFO 94657 --- [security_practice1] [    Test worker] com.zaxxer.hikari.pool.HikariPool        : HikariPool-2 - Added connection com.mysql.cj.jdbc.ConnectionImpl@211ffbd0
2024-08-06T17:23:13.831+09:00  INFO 94657 --- [security_practice1] [    Test worker] com.zaxxer.hikari.HikariDataSource       : HikariPool-2 - Start completed.
2024-08-06T17:23:13.833+09:00  WARN 94657 --- [security_practice1] [    Test worker] org.hibernate.orm.deprecation            : HHH90000025: MySQLDialect does not need to be specified explicitly using 'hibernate.dialect' (remove the property setting and it will be selected by default)
2024-08-06T17:23:13.864+09:00  INFO 94657 --- [security_practice1] [    Test worker] o.h.e.t.j.p.i.JtaPlatformInitiator       : HHH000489: No JTA platform available (set 'hibernate.transaction.jta.platform' to enable JTA platform integration)
Hibernate: 
    alter table member_roles 
       drop 
       foreign key FKruptm2dtwl95mfks4bnhv828k
Hibernate: 
    drop table if exists member
Hibernate: 
    drop table if exists member_roles
Hibernate: 
    drop table if exists member_seq
Hibernate: 
    create table member (
        member_id bigint not null,
        nationality varchar(255),
        nickname varchar(255),
        password varchar(255) not null,
        school_code varchar(255),
        username varchar(255) not null,
        primary key (member_id)
    ) engine=InnoDB
Hibernate: 
    create table member_roles (
        member_member_id bigint not null,
        roles varchar(255)
    ) engine=InnoDB
Hibernate: 
    create table member_seq (
        next_val bigint
    ) engine=InnoDB
Hibernate: 
    insert into member_seq values ( 1 )
Hibernate: 
    alter table member_roles 
       add constraint FKruptm2dtwl95mfks4bnhv828k 
       foreign key (member_member_id) 
       references member (member_id)
2024-08-06T17:23:13.932+09:00  INFO 94657 --- [security_practice1] [    Test worker] j.LocalContainerEntityManagerFactoryBean : Initialized JPA EntityManagerFactory for persistence unit 'default'
2024-08-06T17:23:13.974+09:00  WARN 94657 --- [security_practice1] [    Test worker] JpaBaseConfiguration$JpaWebConfiguration : spring.jpa.open-in-view is enabled by default. Therefore, database queries may be performed during view rendering. Explicitly configure spring.jpa.open-in-view to disable this warning
2024-08-06T17:23:13.979+09:00  INFO 94657 --- [security_practice1] [    Test worker] r$InitializeUserDetailsManagerConfigurer : Global AuthenticationManager configured with UserDetailsService bean with name customUserDetailsService
2024-08-06T17:23:14.136+09:00  INFO 94657 --- [security_practice1] [    Test worker] o.s.b.t.m.w.SpringBootMockServletContext : Initializing Spring TestDispatcherServlet ''
2024-08-06T17:23:14.136+09:00  INFO 94657 --- [security_practice1] [    Test worker] o.s.t.web.servlet.TestDispatcherServlet  : Initializing Servlet ''
2024-08-06T17:23:14.136+09:00  INFO 94657 --- [security_practice1] [    Test worker] o.s.t.web.servlet.TestDispatcherServlet  : Completed initialization in 0 ms
2024-08-06T17:23:14.145+09:00  INFO 94657 --- [security_practice1] [    Test worker] s.s.controller.MemberControllerTest      : Started MemberControllerTest in 0.545 seconds (process running for 4.427)
2024-08-06T17:23:14.152+09:00  INFO 94657 --- [security_practice1] [    Test worker] o.s.b.t.m.w.SpringBootMockServletContext : Initializing Spring TestDispatcherServlet ''
2024-08-06T17:23:14.152+09:00  INFO 94657 --- [security_practice1] [    Test worker] o.s.t.web.servlet.TestDispatcherServlet  : Initializing Servlet ''
2024-08-06T17:23:14.152+09:00  INFO 94657 --- [security_practice1] [    Test worker] o.s.t.web.servlet.TestDispatcherServlet  : Completed initialization in 0 ms
Hibernate: 
    select
        m1_0.member_id 
    from
        member m1_0 
    where
        m1_0.username=? 
    limit
        ?
Hibernate: 
    select
        next_val as id_val 
    from
        member_seq for update
Hibernate: 
    update
        member_seq 
    set
        next_val= ? 
    where
        next_val=?
Hibernate: 
    insert 
    into
        member
        (nationality, nickname, password, school_code, username, member_id) 
    values
        (?, ?, ?, ?, ?, ?)
Hibernate: 
    insert 
    into
        member_roles
        (member_member_id, roles) 
    values
        (?, ?)
Hibernate: 
    select
        m1_0.member_id,
        m1_0.nationality,
        m1_0.nickname,
        m1_0.password,
        m1_0.school_code,
        m1_0.username 
    from
        member m1_0 
    where
        m1_0.username=?
Hibernate: 
    select
        r1_0.member_member_id,
        r1_0.roles 
    from
        member_roles r1_0 
    where
        r1_0.member_member_id=?
2024-08-06T17:23:14.944+09:00  INFO 94657 --- [security_practice1] [    Test worker] s.s.controller.MemberController          : request username = user, password = password
2024-08-06T17:23:14.945+09:00  INFO 94657 --- [security_practice1] [    Test worker] s.s.controller.MemberController          : jwtToken accessToken = eyJhbGciOiJIUzI1NiJ9.eyJzdWIiOiJ1c2VyIiwiYXV0aCI6IlJPTEVfVVNFUiIsInJvbGVzIjpbIlJPTEVfVVNFUiJdLCJleHAiOjE3MjMwMTg5OTR9.WQqwpOcAvAs1Zeh5fiq5MEFcwTFORxi7_7mKgW3Z0Z0, refreshToken = eyJhbGciOiJIUzI1NiJ9.eyJleHAiOjE3MjM3OTY1OTR9.osReiwbU-gCEBgriXLaYPcpEdFHAdLp8gQWzPGDoNRY

MockHttpServletRequest:
      HTTP Method = POST
      Request URI = /members/sign-in
       Parameters = {_csrf=[JS1JegIY-fY5-uDIJGJCXVPZtPECdtg54-6i8Gla5kZG0CyuEhRwS2EhmJMUm9GuQU92PzDsmZBgQr0U2tzBlgpog3904B6e]}
          Headers = [Content-Type:"application/json;charset=UTF-8", Content-Length:"46"]
             Body = { "username": "user", "password": "password" }
    Session Attrs = {}

Handler:
             Type = spring_security.security_practice1.controller.MemberController
           Method = spring_security.security_practice1.controller.MemberController#signIn(SignInDto)

Async:
    Async started = false
     Async result = null

Resolved Exception:
             Type = null

ModelAndView:
        View name = null
             View = null
            Model = null

FlashMap:
       Attributes = null

MockHttpServletResponse:
           Status = 200
    Error message = null
          Headers = [Vary:"Origin", "Access-Control-Request-Method", "Access-Control-Request-Headers", Content-Type:"application/json", X-Content-Type-Options:"nosniff", X-XSS-Protection:"0", Cache-Control:"no-cache, no-store, max-age=0, must-revalidate", Pragma:"no-cache", Expires:"0", X-Frame-Options:"DENY"]
     Content type = application/json
             Body = {"grantType":"Bearer","accessToken":"eyJhbGciOiJIUzI1NiJ9.eyJzdWIiOiJ1c2VyIiwiYXV0aCI6IlJPTEVfVVNFUiIsInJvbGVzIjpbIlJPTEVfVVNFUiJdLCJleHAiOjE3MjMwMTg5OTR9.WQqwpOcAvAs1Zeh5fiq5MEFcwTFORxi7_7mKgW3Z0Z0","refreshToken":"eyJhbGciOiJIUzI1NiJ9.eyJleHAiOjE3MjM3OTY1OTR9.osReiwbU-gCEBgriXLaYPcpEdFHAdLp8gQWzPGDoNRY"}
    Forwarded URL = null
   Redirected URL = null
          Cookies = []
]]></system-out>
  <system-err><![CDATA[]]></system-err>
</testsuite>
