<?xml version="1.0" encoding="UTF-8"?>
<testsuite name="com.probono.announcement_service.AnnouncementServiceApplicationTests" tests="1" skipped="0" failures="0" errors="0" timestamp="2024-08-10T16:58:41" hostname="namjonghyeog-ui-MacBookPro.local" time="0.301">
  <properties/>
  <testcase name="contextLoads()" classname="com.probono.announcement_service.AnnouncementServiceApplicationTests" time="0.301"/>
  <system-out><![CDATA[01:58:38.588 [Test worker] INFO org.springframework.test.context.support.AnnotationConfigContextLoaderUtils -- Could not detect default configuration classes for test class [com.probono.announcement_service.AnnouncementServiceApplicationTests]: AnnouncementServiceApplicationTests does not declare any static, non-private, non-final, nested classes annotated with @Configuration.
01:58:38.642 [Test worker] INFO org.springframework.boot.test.context.SpringBootTestContextBootstrapper -- Found @SpringBootConfiguration com.probono.announcement_service.AnnouncementServiceApplication for test class com.probono.announcement_service.AnnouncementServiceApplicationTests

  .   ____          _            __ _ _
 /\\ / ___'_ __ _ _(_)_ __  __ _ \ \ \ \
( ( )\___ | '_ | '_| | '_ \/ _` | \ \ \ \
 \\/  ___)| |_)| | | | | || (_| |  ) ) ) )
  '  |____| .__|_| |_|_| |_\__, | / / / /
 =========|_|==============|___/=/_/_/_/

 :: Spring Boot ::                (v3.3.1)

2024-08-11T01:58:38.848+09:00  INFO 23651 --- [announcement_service] [    Test worker] .p.a.AnnouncementServiceApplicationTests : Starting AnnouncementServiceApplicationTests using Java 17.0.10 with PID 23651 (started by namjjong99 in /Users/namjjong99/Desktop/WEB_Backend/announcement_service)
2024-08-11T01:58:38.849+09:00  INFO 23651 --- [announcement_service] [    Test worker] .p.a.AnnouncementServiceApplicationTests : No active profile set, falling back to 1 default profile: "default"
2024-08-11T01:58:39.365+09:00  INFO 23651 --- [announcement_service] [    Test worker] .s.d.r.c.RepositoryConfigurationDelegate : Bootstrapping Spring Data JPA repositories in DEFAULT mode.
2024-08-11T01:58:39.392+09:00  INFO 23651 --- [announcement_service] [    Test worker] .s.d.r.c.RepositoryConfigurationDelegate : Finished Spring Data repository scanning in 23 ms. Found 1 JPA repository interface.
2024-08-11T01:58:39.725+09:00  INFO 23651 --- [announcement_service] [    Test worker] o.hibernate.jpa.internal.util.LogHelper  : HHH000204: Processing PersistenceUnitInfo [name: default]
2024-08-11T01:58:39.754+09:00  INFO 23651 --- [announcement_service] [    Test worker] org.hibernate.Version                    : HHH000412: Hibernate ORM core version 6.5.2.Final
2024-08-11T01:58:39.773+09:00  INFO 23651 --- [announcement_service] [    Test worker] o.h.c.internal.RegionFactoryInitiator    : HHH000026: Second-level cache disabled
2024-08-11T01:58:39.930+09:00  INFO 23651 --- [announcement_service] [    Test worker] o.s.o.j.p.SpringPersistenceUnitInfo      : No LoadTimeWeaver setup: ignoring JPA class transformer
2024-08-11T01:58:39.945+09:00  INFO 23651 --- [announcement_service] [    Test worker] com.zaxxer.hikari.HikariDataSource       : HikariPool-1 - Starting...
2024-08-11T01:58:40.132+09:00  INFO 23651 --- [announcement_service] [    Test worker] com.zaxxer.hikari.pool.HikariPool        : HikariPool-1 - Added connection com.mysql.cj.jdbc.ConnectionImpl@69b1e8f8
2024-08-11T01:58:40.133+09:00  INFO 23651 --- [announcement_service] [    Test worker] com.zaxxer.hikari.HikariDataSource       : HikariPool-1 - Start completed.
2024-08-11T01:58:40.170+09:00  WARN 23651 --- [announcement_service] [    Test worker] org.hibernate.orm.deprecation            : HHH90000025: MySQLDialect does not need to be specified explicitly using 'hibernate.dialect' (remove the property setting and it will be selected by default)
2024-08-11T01:58:40.646+09:00  INFO 23651 --- [announcement_service] [    Test worker] o.h.e.t.j.p.i.JtaPlatformInitiator       : HHH000489: No JTA platform available (set 'hibernate.transaction.jta.platform' to enable JTA platform integration)
Hibernate: 
    drop table if exists announcement
Hibernate: 
    create table announcement (
        id bigint not null auto_increment,
        author varchar(255),
        content varchar(255),
        date varchar(255),
        title varchar(255),
        primary key (id)
    ) engine=InnoDB
2024-08-11T01:58:40.717+09:00  INFO 23651 --- [announcement_service] [    Test worker] j.LocalContainerEntityManagerFactoryBean : Initialized JPA EntityManagerFactory for persistence unit 'default'
2024-08-11T01:58:40.955+09:00  WARN 23651 --- [announcement_service] [    Test worker] JpaBaseConfiguration$JpaWebConfiguration : spring.jpa.open-in-view is enabled by default. Therefore, database queries may be performed during view rendering. Explicitly configure spring.jpa.open-in-view to disable this warning
2024-08-11T01:58:40.975+09:00  WARN 23651 --- [announcement_service] [    Test worker] .s.s.UserDetailsServiceAutoConfiguration : 

Using generated security password: 45006aa2-86cc-47ff-89c1-cec710831bae

This generated password is for development use only. Your security configuration must be updated before running your application in production.

2024-08-11T01:58:40.984+09:00  INFO 23651 --- [announcement_service] [    Test worker] r$InitializeUserDetailsManagerConfigurer : Global AuthenticationManager configured with UserDetailsService bean with name inMemoryUserDetailsManager
2024-08-11T01:58:41.496+09:00  INFO 23651 --- [announcement_service] [    Test worker] .p.a.AnnouncementServiceApplicationTests : Started AnnouncementServiceApplicationTests in 2.777 seconds (process running for 3.417)
]]></system-out>
  <system-err><![CDATA[]]></system-err>
</testsuite>
